<?xml version="1.0" encoding="UTF-8"?>
<!-- Generated by org.testng.reporters.JUnitReportReporter -->
<testsuite skipped="0" hostname="APIM-VM-victw" name="test.java.NewTest" tests="1" failures="0" timestamp="13 Jun 2018 03:33:16 GMT" time="0.000" errors="0">
  <testcase name="f" time="0.000" classname="test.java.NewTest"/>
</testsuite> <!-- test.java.NewTest -->
