<?xml version="1.0" encoding="UTF-8"?>
<!-- Generated by org.testng.reporters.JUnitReportReporter -->
<testsuite hostname="APIM-VM-victw" name="AdvanceTips.FlashAutomate" tests="1" failures="0" timestamp="7 Jun 2018 06:45:05 GMT" time="15.108" errors="0">
  <testcase name="f" time="15.108" classname="AdvanceTips.FlashAutomate"/>
</testsuite>
