<?xml version="1.0" encoding="UTF-8"?>
<!-- Generated by org.testng.reporters.JUnitReportReporter -->
<testsuite skipped="0" hostname="APIM-VM-victw" name="FrameworkDesignPrinciples.automationFramework.TestObjectRepositoryProperties" tests="2" failures="0" timestamp="14 Jun 2018 06:31:54 GMT" time="13.804" errors="0">
  <testcase name="FindPartialLink" time="13.581" classname="FrameworkDesignPrinciples.automationFramework.TestObjectRepositoryProperties"/>
  <testcase name="EnterValue" time="0.223" classname="FrameworkDesignPrinciples.automationFramework.TestObjectRepositoryProperties"/>
</testsuite> <!-- FrameworkDesignPrinciples.automationFramework.TestObjectRepositoryProperties -->
