<?xml version="1.0" encoding="UTF-8"?>
<!-- Generated by org.testng.reporters.JUnitReportReporter -->
<testsuite skipped="0" hostname="APIM-VM-victw" name="HybridAutomationFramework.automationFramework.TestNG_Framework" tests="1" failures="0" timestamp="13 Jun 2018 09:48:52 GMT" time="22.191" errors="0">
  <testcase name="f" time="22.191" classname="HybridAutomationFramework.automationFramework.TestNG_Framework"/>
</testsuite> <!-- HybridAutomationFramework.automationFramework.TestNG_Framework -->
