<?xml version="1.0" encoding="UTF-8"?>
<!-- Generated by org.testng.reporters.JUnitReportReporter -->
<testsuite skipped="0" hostname="APIM-VM-victw" name="FrameworkDesignPrinciples.automationFramework.TestCase_POF" tests="1" failures="0" timestamp="14 Jun 2018 07:07:50 GMT" time="13.397" errors="0">
  <testcase name="main" time="13.397" classname="FrameworkDesignPrinciples.automationFramework.TestCase_POF"/>
</testsuite> <!-- FrameworkDesignPrinciples.automationFramework.TestCase_POF -->
