<?xml version="1.0" encoding="UTF-8"?>
<!-- Generated by org.testng.reporters.JUnitReportReporter -->
<testsuite hostname="APIM-VM-victw" name="TestCase_TestNGFrame.MultiBrowser" tests="2" failures="0" timestamp="6 Jun 2018 01:06:01 GMT" time="7.106" errors="0">
  <testcase name="f" time="3.036" classname="TestCase_TestNGFrame.MultiBrowser"/>
  <testcase name="f" time="4.070" classname="TestCase_TestNGFrame.MultiBrowser"/>
</testsuite>
