<?xml version="1.0" encoding="UTF-8"?>
<!-- Generated by org.testng.reporters.JUnitReportReporter -->
<testsuite hostname="APIM-VM-victw" name="TestCase_TestNGFrame.Sequencing" tests="2" failures="0" timestamp="5 Jun 2018 10:47:44 GMT" time="0.015" errors="0">
  <testcase name="testCase2" time="0.000" classname="TestCase_TestNGFrame.Sequencing"/>
  <testcase name="testCase1" time="0.015" classname="TestCase_TestNGFrame.Sequencing"/>
</testsuite>
