<?xml version="1.0" encoding="UTF-8"?>
<!-- Generated by org.testng.reporters.JUnitReportReporter -->
<testsuite hostname="APIM-VM-victw" name="TestCase_TestNGFrame.Grouping" tests="5" failures="0" timestamp="5 Jun 2018 10:47:44 GMT" time="0.003" errors="0">
  <testcase name="Scooter2" time="0.001" classname="TestCase_TestNGFrame.Grouping"/>
  <testcase name="Sedan1" time="0.000" classname="TestCase_TestNGFrame.Grouping"/>
  <testcase name="Scooter1" time="0.001" classname="TestCase_TestNGFrame.Grouping"/>
  <testcase name="Car1" time="0.000" classname="TestCase_TestNGFrame.Grouping"/>
  <testcase name="Car2" time="0.001" classname="TestCase_TestNGFrame.Grouping"/>
</testsuite>
