<?xml version="1.0" encoding="UTF-8"?>
<!-- Generated by org.testng.reporters.JUnitReportReporter -->
<testsuite skipped="0" hostname="APIM-VM-victw" name="HybridAutomationFramework.POM_TC" tests="1" failures="0" timestamp="13 Jun 2018 05:49:23 GMT" time="26.656" errors="0">
  <testcase name="f" time="26.656" classname="HybridAutomationFramework.POM_TC"/>
</testsuite> <!-- HybridAutomationFramework.POM_TC -->
