<?xml version="1.0" encoding="UTF-8"?>
<!-- Generated by org.testng.reporters.JUnitReportReporter -->
<testsuite hostname="APIM-VM-victw" name="TestCase_TestNGFrame.Asserts" tests="2" failures="0" timestamp="5 Jun 2018 10:47:44 GMT" time="54.762" errors="0">
  <testcase name="f" time="54.762" classname="TestCase_TestNGFrame.Asserts"/>
  <testcase name="test" time="0.000" classname="TestCase_TestNGFrame.Asserts"/>
</testsuite>
