<?xml version="1.0" encoding="UTF-8"?>
<!-- Generated by org.testng.reporters.JUnitReportReporter -->
<testsuite hostname="APIM-VM-victw" name="TestCase_TestNGFrame.TestListener" tests="1" failures="0" timestamp="6 Jun 2018 03:19:57 GMT" time="0.000" errors="0">
  <testcase name="f" time="0.000" classname="TestCase_TestNGFrame.TestListener"/>
</testsuite>
