<?xml version="1.0" encoding="UTF-8"?>
<!-- Generated by org.testng.reporters.JUnitReportReporter -->
<testsuite hostname="APIM-VM-victw" name="TestCase_TestNGFrame.SequencingPrioritizing" tests="3" failures="0" timestamp="5 Jun 2018 10:47:44 GMT" time="0.001" errors="0">
  <testcase name="Four" time="0.001" classname="TestCase_TestNGFrame.SequencingPrioritizing"/>
  <testcase name="Two" time="0.000" classname="TestCase_TestNGFrame.SequencingPrioritizing"/>
  <testcase name="One" time="0.000" classname="TestCase_TestNGFrame.SequencingPrioritizing"/>
</testsuite>
