<?xml version="1.0" encoding="UTF-8"?>
<!-- Generated by org.testng.reporters.JUnitReportReporter -->
<testsuite hostname="APIM-VM-victw" name="TestCase_TestNGFrame.DataProviderTest" tests="2" failures="0" timestamp="5 Jun 2018 11:04:43 GMT" time="56.617" errors="0">
  <testcase name="f" time="27.288" classname="TestCase_TestNGFrame.DataProviderTest"/>
  <testcase name="f" time="29.329" classname="TestCase_TestNGFrame.DataProviderTest"/>
</testsuite>
