<?xml version="1.0" encoding="UTF-8"?>
<!-- Generated by org.testng.reporters.JUnitReportReporter -->
<testsuite hostname="APIM-VM-victw" name="AdvanceTips.FindingBrokenLinks" tests="1" failures="0" timestamp="7 Jun 2018 02:32:32 GMT" time="16.171" errors="0">
  <testcase name="f" time="16.171" classname="AdvanceTips.FindingBrokenLinks"/>
</testsuite>
