<?xml version="1.0" encoding="UTF-8"?>
<!-- Generated by org.testng.reporters.JUnitReportReporter -->
<testsuite skipped="0" hostname="APIM-VM-victw" name="HybridAutomationFramework.automationFramework.UDF_TC" tests="1" failures="0" timestamp="13 Jun 2018 10:46:44 GMT" time="29.617" errors="0">
  <testcase name="f" time="29.617" classname="HybridAutomationFramework.automationFramework.UDF_TC"/>
</testsuite> <!-- HybridAutomationFramework.automationFramework.UDF_TC -->
