<?xml version="1.0" encoding="UTF-8"?>
<!-- Generated by org.testng.reporters.JUnitReportReporter -->
<testsuite skipped="0" hostname="APIM-VM-victw" name="AdvanceTips.CacheLookUpAndPageObject" tests="1" failures="0" timestamp="13 Jun 2018 01:49:53 GMT" time="18.791" errors="0">
  <testcase name="f" time="18.791" classname="AdvanceTips.CacheLookUpAndPageObject"/>
</testsuite> <!-- AdvanceTips.CacheLookUpAndPageObject -->
