<?xml version="1.0" encoding="UTF-8"?>
<!-- Generated by org.testng.reporters.JUnitReportReporter -->
<testsuite hostname="APIM-VM-victw" name="TestCase_TestNGFrame.TestNG" tests="1" failures="0" timestamp="5 Jun 2018 10:47:44 GMT" time="48.133" errors="0">
  <testcase name="f" time="48.133" classname="TestCase_TestNGFrame.TestNG"/>
</testsuite>
