<?xml version="1.0" encoding="UTF-8"?>
<!-- Generated by org.testng.reporters.JUnitReportReporter -->
<testsuite hostname="APIM-VM-victw" name="TestCase_TestNGFrame.Dependent" tests="3" failures="0" timestamp="5 Jun 2018 10:47:44 GMT" time="0.031" errors="0">
  <testcase name="SingIn" time="0.000" classname="TestCase_TestNGFrame.Dependent"/>
  <testcase name="LogOut" time="0.015" classname="TestCase_TestNGFrame.Dependent"/>
  <testcase name="OpenBrowser" time="0.016" classname="TestCase_TestNGFrame.Dependent"/>
</testsuite>
